Mon Jun 29 11:33:02 PM IST 2026: cloudops-app is running.
Mon Jun 29 11:34:01 PM IST 2026: cloudops-app is down. Restarting...
cloudops-app
Mon Jun 29 11:35:01 PM IST 2026: cloudops-app is running.
Mon Jun 29 11:36:01 PM IST 2026: cloudops-app is running.
Mon Jun 29 11:37:01 PM IST 2026: cloudops-app is running.
Mon Jun 29 11:38:01 PM IST 2026: cloudops-app is running.
Mon Jun 29 11:39:01 PM IST 2026: cloudops-app is running.
Mon Jun 29 11:40:01 PM IST 2026: cloudops-app is running.
Mon Jun 29 11:41:01 PM IST 2026: cloudops-app is running.
Mon Jun 29 11:42:01 PM IST 2026: cloudops-app is running.
Mon Jun 29 11:43:01 PM IST 2026: cloudops-app is running.
Mon Jun 29 11:44:02 PM IST 2026: cloudops-app is running.
Mon Jun 29 11:45:01 PM IST 2026: cloudops-app is running.
Mon Jun 29 11:46:01 PM IST 2026: cloudops-app is running.
Mon Jun 29 11:47:01 PM IST 2026: cloudops-app is running.
Mon Jun 29 11:48:01 PM IST 2026: cloudops-app is running.
Mon Jun 29 11:49:01 PM IST 2026: cloudops-app is running.
Mon Jun 29 11:50:01 PM IST 2026: cloudops-app is running.
Mon Jun 29 11:51:01 PM IST 2026: cloudops-app is running.
Mon Jun 29 11:52:01 PM IST 2026: cloudops-app is running.
Mon Jun 29 11:53:01 PM IST 2026: cloudops-app is running.
Mon Jun 29 11:54:01 PM IST 2026: cloudops-app is running.
Mon Jun 29 11:55:01 PM IST 2026: cloudops-app is running.
Mon Jun 29 11:56:01 PM IST 2026: cloudops-app is running.
Mon Jun 29 11:57:01 PM IST 2026: cloudops-app is running.
Mon Jun 29 11:58:01 PM IST 2026: cloudops-app is running.
Mon Jun 29 11:59:01 PM IST 2026: cloudops-app is running.
Tue Jun 30 12:00:01 AM IST 2026: cloudops-app is running.
Tue Jun 30 12:01:01 AM IST 2026: cloudops-app is running.
Tue Jun 30 12:02:01 AM IST 2026: cloudops-app is running.
Tue Jun 30 12:03:01 AM IST 2026: cloudops-app is running.
Tue Jun 30 12:04:02 AM IST 2026: cloudops-app is running.
Tue Jun 30 12:05:01 AM IST 2026: cloudops-app is running.
Tue Jun 30 12:06:01 AM IST 2026: cloudops-app is running.
Tue Jun 30 12:07:01 AM IST 2026: cloudops-app is running.
Tue Jun 30 12:08:01 AM IST 2026: cloudops-app is running.
Tue Jun 30 12:09:01 AM IST 2026: cloudops-app is running.
Tue Jun 30 12:10:01 AM IST 2026: cloudops-app is running.
Tue Jun 30 12:11:01 AM IST 2026: cloudops-app is running.
Tue Jun 30 12:12:01 AM IST 2026: cloudops-app is running.
Tue Jun 30 12:13:01 AM IST 2026: cloudops-app is running.
Tue Jun 30 12:14:01 AM IST 2026: cloudops-app is running.
Tue Jun 30 12:15:01 AM IST 2026: cloudops-app is running.
Tue Jun 30 12:16:01 AM IST 2026: cloudops-app is running.
Tue Jun 30 12:17:01 AM IST 2026: cloudops-app is running.
Tue Jun 30 12:18:01 AM IST 2026: cloudops-app is running.
Tue Jun 30 12:19:01 AM IST 2026: cloudops-app is running.
Tue Jun 30 12:20:01 AM IST 2026: cloudops-app is running.
Tue Jun 30 12:21:01 AM IST 2026: cloudops-app is running.
Tue Jun 30 12:22:01 AM IST 2026: cloudops-app is running.
Tue Jun 30 12:23:01 AM IST 2026: cloudops-app is running.
Tue Jun 30 12:24:02 AM IST 2026: cloudops-app is running.
Tue Jun 30 12:25:01 AM IST 2026: cloudops-app is running.
Tue Jun 30 12:26:01 AM IST 2026: cloudops-app is running.
Tue Jun 30 12:27:01 AM IST 2026: cloudops-app is running.
Tue Jun 30 12:28:01 AM IST 2026: cloudops-app is running.
Tue Jun 30 12:29:01 AM IST 2026: cloudops-app is running.
Tue Jun 30 12:30:01 AM IST 2026: cloudops-app is running.
Tue Jun 30 12:31:01 AM IST 2026: cloudops-app is running.
Tue Jun 30 12:32:01 AM IST 2026: cloudops-app is running.
Tue Jun 30 12:33:01 AM IST 2026: cloudops-app is running.
Tue Jun 30 12:34:01 AM IST 2026: cloudops-app is running.
Tue Jun 30 12:35:01 AM IST 2026: cloudops-app is running.
Tue Jun 30 12:36:01 AM IST 2026: cloudops-app is running.
Tue Jun 30 12:37:01 AM IST 2026: cloudops-app is running.
Tue Jun 30 12:38:01 AM IST 2026: cloudops-app is running.
Tue Jun 30 12:39:01 AM IST 2026: cloudops-app is running.
Tue Jun 30 12:40:01 AM IST 2026: cloudops-app is running.
Tue Jun 30 12:41:01 AM IST 2026: cloudops-app is running.
Tue Jun 30 12:42:02 AM IST 2026: cloudops-app is running.
Tue Jun 30 12:43:01 AM IST 2026: cloudops-app is running.
Tue Jun 30 12:44:01 AM IST 2026: cloudops-app is running.
Tue Jun 30 12:45:01 AM IST 2026: cloudops-app is running.
Tue Jun 30 12:46:01 AM IST 2026: cloudops-app is running.
Tue Jun 30 12:47:01 AM IST 2026: cloudops-app is running.
Tue Jun 30 12:48:01 AM IST 2026: cloudops-app is running.
Tue Jun 30 12:49:01 AM IST 2026: cloudops-app is running.
Tue Jun 30 12:50:01 AM IST 2026: cloudops-app is running.
Tue Jun 30 12:51:01 AM IST 2026: cloudops-app is running.
Tue Jun 30 12:52:01 AM IST 2026: cloudops-app is running.
Tue Jun 30 12:53:01 AM IST 2026: cloudops-app is running.
Tue Jun 30 12:54:01 AM IST 2026: cloudops-app is running.
Tue Jun 30 12:55:01 AM IST 2026: cloudops-app is running.
Tue Jun 30 12:56:01 AM IST 2026: cloudops-app is running.
Tue Jun 30 12:57:01 AM IST 2026: cloudops-app is running.
Tue Jun 30 12:58:01 AM IST 2026: cloudops-app is running.
Tue Jun 30 12:59:01 AM IST 2026: cloudops-app is running.
Tue Jun 30 01:00:01 AM IST 2026: cloudops-app is running.
Tue Jun 30 01:01:02 AM IST 2026: cloudops-app is running.
Tue Jun 30 01:02:01 AM IST 2026: cloudops-app is running.
Tue Jun 30 01:03:01 AM IST 2026: cloudops-app is running.
Tue Jun 30 01:04:01 AM IST 2026: cloudops-app is running.
Tue Jun 30 01:05:01 AM IST 2026: cloudops-app is running.
Tue Jun 30 01:06:01 AM IST 2026: cloudops-app is running.
Tue Jun 30 01:07:01 AM IST 2026: cloudops-app is running.
Tue Jun 30 01:08:01 AM IST 2026: cloudops-app is running.
Tue Jun 30 01:09:01 AM IST 2026: cloudops-app is running.
Tue Jun 30 01:10:01 AM IST 2026: cloudops-app is running.
Tue Jun 30 01:11:01 AM IST 2026: cloudops-app is running.
Tue Jun 30 01:12:01 AM IST 2026: cloudops-app is running.
Tue Jun 30 01:13:01 AM IST 2026: cloudops-app is running.
Tue Jun 30 01:14:01 AM IST 2026: cloudops-app is running.
Tue Jun 30 01:15:01 AM IST 2026: cloudops-app is running.
Tue Jun 30 01:16:01 AM IST 2026: cloudops-app is running.
Tue Jun 30 01:17:01 AM IST 2026: cloudops-app is running.
Tue Jun 30 01:18:01 AM IST 2026: cloudops-app is running.
Tue Jun 30 01:19:01 AM IST 2026: cloudops-app is running.
Tue Jun 30 01:20:01 AM IST 2026: cloudops-app is running.
Tue Jun 30 01:21:01 AM IST 2026: cloudops-app is running.
Tue Jun 30 01:22:02 AM IST 2026: cloudops-app is running.
Tue Jun 30 01:23:01 AM IST 2026: cloudops-app is running.
Tue Jun 30 01:24:01 AM IST 2026: cloudops-app is running.
Tue Jun 30 07:43:02 AM IST 2026: cloudops-app is running.
Tue Jun 30 07:44:01 AM IST 2026: cloudops-app is running.
Tue Jun 30 07:45:01 AM IST 2026: cloudops-app is running.
Tue Jun 30 07:46:01 AM IST 2026: cloudops-app is running.
Tue Jun 30 07:47:01 AM IST 2026: cloudops-app is running.
Tue Jun 30 07:48:01 AM IST 2026: cloudops-app is running.
Tue Jun 30 07:49:01 AM IST 2026: cloudops-app is running.
Tue Jun 30 07:50:01 AM IST 2026: cloudops-app is running.
Tue Jun 30 07:51:02 AM IST 2026: cloudops-app is running.
Tue Jun 30 07:52:01 AM IST 2026: cloudops-app is running.
Tue Jun 30 07:53:01 AM IST 2026: cloudops-app is running.
Tue Jun 30 07:54:01 AM IST 2026: cloudops-app is running.
Tue Jun 30 07:55:01 AM IST 2026: cloudops-app is running.
Tue Jun 30 07:56:01 AM IST 2026: cloudops-app is running.
Tue Jun 30 07:57:01 AM IST 2026: cloudops-app is running.
Tue Jun 30 07:58:01 AM IST 2026: cloudops-app is running.
Tue Jun 30 07:59:01 AM IST 2026: cloudops-app is running.
Tue Jun 30 08:00:00 AM IST 2026: cloudops-app is running.
Tue Jun 30 08:01:01 AM IST 2026: cloudops-app is running.
Tue Jun 30 08:02:01 AM IST 2026: cloudops-app is running.
Tue Jun 30 08:03:01 AM IST 2026: cloudops-app is running.
Tue Jun 30 08:04:02 AM IST 2026: cloudops-app is running.
Tue Jun 30 08:05:01 AM IST 2026: cloudops-app is running.
Tue Jun 30 08:06:01 AM IST 2026: cloudops-app is running.
Tue Jun 30 08:07:01 AM IST 2026: cloudops-app is running.
Tue Jun 30 08:08:01 AM IST 2026: cloudops-app is running.
Tue Jun 30 08:09:01 AM IST 2026: cloudops-app is running.
Tue Jun 30 08:10:01 AM IST 2026: cloudops-app is running.
Tue Jun 30 08:11:01 AM IST 2026: cloudops-app is running.
Tue Jun 30 08:12:01 AM IST 2026: cloudops-app is running.
Tue Jun 30 08:13:01 AM IST 2026: cloudops-app is running.
Tue Jun 30 08:14:01 AM IST 2026: cloudops-app is running.
Tue Jun 30 08:15:01 AM IST 2026: cloudops-app is running.
Tue Jun 30 08:16:01 AM IST 2026: cloudops-app is running.
Tue Jun 30 08:17:01 AM IST 2026: cloudops-app is running.
Tue Jun 30 08:18:01 AM IST 2026: cloudops-app is running.
Tue Jun 30 08:19:01 AM IST 2026: cloudops-app is running.
Tue Jun 30 08:20:01 AM IST 2026: cloudops-app is running.
Tue Jun 30 08:21:01 AM IST 2026: cloudops-app is running.
Tue Jun 30 08:22:01 AM IST 2026: cloudops-app is running.
Tue Jun 30 08:23:01 AM IST 2026: cloudops-app is running.
Tue Jun 30 08:24:01 AM IST 2026: cloudops-app is running.
Tue Jun 30 08:25:01 AM IST 2026: cloudops-app is running.
Tue Jun 30 08:26:01 AM IST 2026: cloudops-app is running.
Tue Jun 30 08:27:01 AM IST 2026: cloudops-app is running.
Tue Jun 30 08:28:01 AM IST 2026: cloudops-app is running.
Tue Jun 30 08:29:01 AM IST 2026: cloudops-app is running.
Tue Jun 30 08:30:01 AM IST 2026: cloudops-app is running.
Tue Jun 30 08:31:01 AM IST 2026: cloudops-app is running.
Tue Jun 30 08:32:01 AM IST 2026: cloudops-app is running.
Tue Jun 30 08:33:02 AM IST 2026: cloudops-app is running.
Tue Jun 30 08:34:01 AM IST 2026: cloudops-app is running.
Tue Jun 30 08:35:01 AM IST 2026: cloudops-app is running.
Tue Jun 30 08:36:01 AM IST 2026: cloudops-app is running.
Tue Jun 30 08:37:01 AM IST 2026: cloudops-app is running.
Tue Jun 30 08:38:01 AM IST 2026: cloudops-app is running.
Tue Jun 30 08:39:01 AM IST 2026: cloudops-app is running.
Tue Jun 30 08:40:01 AM IST 2026: cloudops-app is running.
Tue Jun 30 08:41:01 AM IST 2026: cloudops-app is running.
Tue Jun 30 08:42:01 AM IST 2026: cloudops-app is running.
Tue Jun 30 08:43:01 AM IST 2026: cloudops-app is running.
Tue Jun 30 08:44:01 AM IST 2026: cloudops-app is running.
Tue Jun 30 08:45:01 AM IST 2026: cloudops-app is running.
Tue Jun 30 08:46:01 AM IST 2026: cloudops-app is running.
Tue Jun 30 08:47:01 AM IST 2026: cloudops-app is running.
Tue Jun 30 08:48:01 AM IST 2026: cloudops-app is running.
Tue Jun 30 08:49:01 AM IST 2026: cloudops-app is running.
Tue Jun 30 08:50:01 AM IST 2026: cloudops-app is running.
Tue Jun 30 08:51:01 AM IST 2026: cloudops-app is running.
Tue Jun 30 08:52:01 AM IST 2026: cloudops-app is running.
Tue Jun 30 08:53:01 AM IST 2026: cloudops-app is running.
Tue Jun 30 08:54:01 AM IST 2026: cloudops-app is running.
Tue Jun 30 08:55:01 AM IST 2026: cloudops-app is running.
Tue Jun 30 08:56:01 AM IST 2026: cloudops-app is running.
Tue Jun 30 08:57:01 AM IST 2026: cloudops-app is running.
Tue Jun 30 08:58:01 AM IST 2026: cloudops-app is running.
Tue Jun 30 08:59:01 AM IST 2026: cloudops-app is running.
Tue Jun 30 09:00:01 AM IST 2026: cloudops-app is running.
Tue Jun 30 09:01:01 AM IST 2026: cloudops-app is running.
Tue Jun 30 09:02:01 AM IST 2026: cloudops-app is running.
Tue Jun 30 09:03:01 AM IST 2026: cloudops-app is running.
Tue Jun 30 09:04:01 AM IST 2026: cloudops-app is running.
Tue Jun 30 09:05:01 AM IST 2026: cloudops-app is running.
Tue Jun 30 09:06:01 AM IST 2026: cloudops-app is running.
Tue Jun 30 09:07:01 AM IST 2026: cloudops-app is running.
Tue Jun 30 09:08:01 AM IST 2026: cloudops-app is running.
Tue Jun 30 09:09:01 AM IST 2026: cloudops-app is running.
Tue Jun 30 09:10:01 AM IST 2026: cloudops-app is running.
Tue Jun 30 09:11:01 AM IST 2026: cloudops-app is running.
Tue Jun 30 09:12:01 AM IST 2026: cloudops-app is running.
Tue Jun 30 09:13:01 AM IST 2026: cloudops-app is running.
Tue Jun 30 09:14:01 AM IST 2026: cloudops-app is running.
Tue Jun 30 09:15:01 AM IST 2026: cloudops-app is running.
Tue Jun 30 09:16:01 AM IST 2026: cloudops-app is running.
Tue Jun 30 09:17:02 AM IST 2026: cloudops-app is running.
Tue Jun 30 09:18:01 AM IST 2026: cloudops-app is running.
Tue Jun 30 09:19:01 AM IST 2026: cloudops-app is running.
Tue Jun 30 09:20:01 AM IST 2026: cloudops-app is running.
Tue Jun 30 09:21:01 AM IST 2026: cloudops-app is running.
Tue Jun 30 09:22:01 AM IST 2026: cloudops-app is running.
Tue Jun 30 09:23:01 AM IST 2026: cloudops-app is running.
Tue Jun 30 09:24:01 AM IST 2026: cloudops-app is running.
Tue Jun 30 09:25:01 AM IST 2026: cloudops-app is running.
Tue Jun 30 09:26:01 AM IST 2026: cloudops-app is running.
Tue Jun 30 09:27:01 AM IST 2026: cloudops-app is running.
Tue Jun 30 09:28:01 AM IST 2026: cloudops-app is running.
Tue Jun 30 09:29:01 AM IST 2026: cloudops-app is running.
Tue Jun 30 09:30:01 AM IST 2026: cloudops-app is running.
Tue Jun 30 09:31:01 AM IST 2026: cloudops-app is running.
Tue Jun 30 09:32:01 AM IST 2026: cloudops-app is running.
Tue Jun 30 09:33:01 AM IST 2026: cloudops-app is running.
Tue Jun 30 09:34:01 AM IST 2026: cloudops-app is running.
Tue Jun 30 09:35:01 AM IST 2026: cloudops-app is running.
Tue Jun 30 09:36:01 AM IST 2026: cloudops-app is running.
Tue Jun 30 09:37:01 AM IST 2026: cloudops-app is running.
Tue Jun 30 09:38:01 AM IST 2026: cloudops-app is running.
Tue Jun 30 09:39:01 AM IST 2026: cloudops-app is running.
Tue Jun 30 09:40:01 AM IST 2026: cloudops-app is running.
Tue Jun 30 09:41:01 AM IST 2026: cloudops-app is running.
Tue Jun 30 09:42:01 AM IST 2026: cloudops-app is running.
Tue Jun 30 09:43:01 AM IST 2026: cloudops-app is running.
Tue Jun 30 09:44:01 AM IST 2026: cloudops-app is running.
Tue Jun 30 09:45:01 AM IST 2026: cloudops-app is running.
Tue Jun 30 09:46:01 AM IST 2026: cloudops-app is running.
Tue Jun 30 09:47:01 AM IST 2026: cloudops-app is running.
Tue Jun 30 09:48:01 AM IST 2026: cloudops-app is running.
Tue Jun 30 09:49:01 AM IST 2026: cloudops-app is running.
Tue Jun 30 09:50:01 AM IST 2026: cloudops-app is running.
Tue Jun 30 09:51:01 AM IST 2026: cloudops-app is running.
Tue Jun 30 09:52:02 AM IST 2026: cloudops-app is running.
Tue Jun 30 09:53:01 AM IST 2026: cloudops-app is running.
Tue Jun 30 09:54:01 AM IST 2026: cloudops-app is running.
Tue Jun 30 09:55:01 AM IST 2026: cloudops-app is running.
Tue Jun 30 09:56:01 AM IST 2026: cloudops-app is running.
Tue Jun 30 09:57:01 AM IST 2026: cloudops-app is running.
Tue Jun 30 09:58:01 AM IST 2026: cloudops-app is running.
Tue Jun 30 09:59:01 AM IST 2026: cloudops-app is running.
Tue Jun 30 10:00:01 AM IST 2026: cloudops-app is running.
Tue Jun 30 10:01:01 AM IST 2026: cloudops-app is running.
Tue Jun 30 10:02:01 AM IST 2026: cloudops-app is running.
Tue Jun 30 10:03:01 AM IST 2026: cloudops-app is running.
Tue Jun 30 10:04:01 AM IST 2026: cloudops-app is running.
Tue Jun 30 10:05:01 AM IST 2026: cloudops-app is running.
Tue Jun 30 10:06:01 AM IST 2026: cloudops-app is running.
Tue Jun 30 10:07:01 AM IST 2026: cloudops-app is running.
Tue Jun 30 10:08:01 AM IST 2026: cloudops-app is running.
Tue Jun 30 10:09:01 AM IST 2026: cloudops-app is running.
Tue Jun 30 10:10:01 AM IST 2026: cloudops-app is running.
Tue Jun 30 10:11:02 AM IST 2026: cloudops-app is running.
Tue Jun 30 10:12:01 AM IST 2026: cloudops-app is running.
Tue Jun 30 10:13:01 AM IST 2026: cloudops-app is running.
Tue Jun 30 10:14:01 AM IST 2026: cloudops-app is running.
Tue Jun 30 10:15:01 AM IST 2026: cloudops-app is running.
Tue Jun 30 10:16:01 AM IST 2026: cloudops-app is running.
Tue Jun 30 10:17:01 AM IST 2026: cloudops-app is running.
Tue Jun 30 10:18:01 AM IST 2026: cloudops-app is running.
Tue Jun 30 10:19:01 AM IST 2026: cloudops-app is running.
Tue Jun 30 10:20:01 AM IST 2026: cloudops-app is running.
Tue Jun 30 10:21:01 AM IST 2026: cloudops-app is running.
Tue Jun 30 10:22:01 AM IST 2026: cloudops-app is running.
Tue Jun 30 10:23:01 AM IST 2026: cloudops-app is running.
Tue Jun 30 10:24:01 AM IST 2026: cloudops-app is running.
Tue Jun 30 10:25:01 AM IST 2026: cloudops-app is running.
Tue Jun 30 10:26:01 AM IST 2026: cloudops-app is running.
Tue Jun 30 10:27:01 AM IST 2026: cloudops-app is running.
Tue Jun 30 10:28:01 AM IST 2026: cloudops-app is running.
Tue Jun 30 10:29:01 AM IST 2026: cloudops-app is running.
Tue Jun 30 10:30:01 AM IST 2026: cloudops-app is running.
Tue Jun 30 10:31:02 AM IST 2026: cloudops-app is running.
Tue Jun 30 10:32:01 AM IST 2026: cloudops-app is running.
Tue Jun 30 10:33:01 AM IST 2026: cloudops-app is running.
Tue Jun 30 10:34:01 AM IST 2026: cloudops-app is running.
Tue Jun 30 10:35:01 AM IST 2026: cloudops-app is running.
Tue Jun 30 10:36:01 AM IST 2026: cloudops-app is running.
Tue Jun 30 10:37:01 AM IST 2026: cloudops-app is running.
Tue Jun 30 10:38:01 AM IST 2026: cloudops-app is running.
Tue Jun 30 10:39:01 AM IST 2026: cloudops-app is running.
Tue Jun 30 10:40:01 AM IST 2026: cloudops-app is running.
Tue Jun 30 10:41:01 AM IST 2026: cloudops-app is running.
Tue Jun 30 10:42:01 AM IST 2026: cloudops-app is running.
Tue Jun 30 10:43:01 AM IST 2026: cloudops-app is running.
Tue Jun 30 10:44:01 AM IST 2026: cloudops-app is running.
Tue Jun 30 10:45:01 AM IST 2026: cloudops-app is running.
Tue Jun 30 10:46:01 AM IST 2026: cloudops-app is running.
Tue Jun 30 10:47:01 AM IST 2026: cloudops-app is running.
Tue Jun 30 10:48:01 AM IST 2026: cloudops-app is running.
Tue Jun 30 10:49:01 AM IST 2026: cloudops-app is running.
Tue Jun 30 10:50:01 AM IST 2026: cloudops-app is running.
Tue Jun 30 10:51:02 AM IST 2026: cloudops-app is running.
Tue Jun 30 10:52:01 AM IST 2026: cloudops-app is running.
Tue Jun 30 10:53:01 AM IST 2026: cloudops-app is running.
Tue Jun 30 10:54:01 AM IST 2026: cloudops-app is running.
Tue Jun 30 10:55:01 AM IST 2026: cloudops-app is running.
Tue Jun 30 10:56:01 AM IST 2026: cloudops-app is running.
Tue Jun 30 10:57:01 AM IST 2026: cloudops-app is running.
Tue Jun 30 10:58:01 AM IST 2026: cloudops-app is running.
Tue Jun 30 10:59:01 AM IST 2026: cloudops-app is running.
Tue Jun 30 11:00:01 AM IST 2026: cloudops-app is running.
Tue Jun 30 11:01:01 AM IST 2026: cloudops-app is running.
Tue Jun 30 11:02:01 AM IST 2026: cloudops-app is running.
Tue Jun 30 11:03:01 AM IST 2026: cloudops-app is running.
Tue Jun 30 11:04:01 AM IST 2026: cloudops-app is running.
Tue Jun 30 11:05:01 AM IST 2026: cloudops-app is running.
Tue Jun 30 11:06:01 AM IST 2026: cloudops-app is running.
Tue Jun 30 11:07:01 AM IST 2026: cloudops-app is running.
Tue Jun 30 11:08:01 AM IST 2026: cloudops-app is running.
Tue Jun 30 11:09:02 AM IST 2026: cloudops-app is running.
Tue Jun 30 11:10:01 AM IST 2026: cloudops-app is running.
Tue Jun 30 11:11:01 AM IST 2026: cloudops-app is running.
Tue Jun 30 11:36:01 AM IST 2026: cloudops-app is running.
Tue Jun 30 11:37:01 AM IST 2026: cloudops-app is running.
Tue Jun 30 11:38:01 AM IST 2026: cloudops-app is running.
Tue Jun 30 11:39:01 AM IST 2026: cloudops-app is running.
Tue Jun 30 11:40:01 AM IST 2026: cloudops-app is running.
Tue Jun 30 11:41:01 AM IST 2026: cloudops-app is running.
Tue Jun 30 11:42:01 AM IST 2026: cloudops-app is running.
Tue Jun 30 11:43:01 AM IST 2026: cloudops-app is running.
Tue Jun 30 11:44:01 AM IST 2026: cloudops-app is running.
Tue Jun 30 11:45:01 AM IST 2026: cloudops-app is running.
Tue Jun 30 11:46:02 AM IST 2026: cloudops-app is running.
Tue Jun 30 11:47:01 AM IST 2026: cloudops-app is running.
Tue Jun 30 11:48:01 AM IST 2026: cloudops-app is running.
Tue Jun 30 11:49:01 AM IST 2026: cloudops-app is running.
Tue Jun 30 11:50:01 AM IST 2026: cloudops-app is running.
Tue Jun 30 11:51:01 AM IST 2026: cloudops-app is running.
Tue Jun 30 11:52:01 AM IST 2026: cloudops-app is running.
Tue Jun 30 11:53:01 AM IST 2026: cloudops-app is running.
Tue Jun 30 11:54:01 AM IST 2026: cloudops-app is running.
Tue Jun 30 11:55:01 AM IST 2026: cloudops-app is running.
Tue Jun 30 11:56:01 AM IST 2026: cloudops-app is running.
Tue Jun 30 11:57:01 AM IST 2026: cloudops-app is running.
Tue Jun 30 11:58:01 AM IST 2026: cloudops-app is running.
Tue Jun 30 11:59:01 AM IST 2026: cloudops-app is running.
Tue Jun 30 12:00:01 PM IST 2026: cloudops-app is running.
Tue Jun 30 12:01:01 PM IST 2026: cloudops-app is running.
Tue Jun 30 12:02:01 PM IST 2026: cloudops-app is running.
Tue Jun 30 12:03:01 PM IST 2026: cloudops-app is running.
Tue Jun 30 12:04:01 PM IST 2026: cloudops-app is running.
Tue Jun 30 12:05:01 PM IST 2026: cloudops-app is running.
Tue Jun 30 12:06:02 PM IST 2026: cloudops-app is running.
Tue Jun 30 12:07:01 PM IST 2026: cloudops-app is running.
Tue Jun 30 12:08:01 PM IST 2026: cloudops-app is running.
Tue Jun 30 12:09:01 PM IST 2026: cloudops-app is running.
